app/build/intermediates/manifest_merge_blame_file/debug/manifest-merger-blame-debug-report.txt
1<?xml version="1.0" encoding="utf-8"?>
2<manifest xmlns:android="http://schemas.android.com/apk/res/android"
3    package="com.example.pomodoro"
4    android:versionCode="1"
5    android:versionName="1.0" >
6
7    <uses-sdk
8        android:minSdkVersion="21"
8-->src\main\AndroidManifest.xml
9        android:targetSdkVersion="30" />
9-->src\main\AndroidManifest.xml
10
11    <application
11-->src\main\AndroidManifest.xml:5:5-23:19
12        android:allowBackup="true"
12-->src\main\AndroidManifest.xml:6:9-35
13        android:appComponentFactory="androidx.core.app.CoreComponentFactory"
13-->[androidx.core:core:1.3.1] AndroidManifest.xml:24:18-86
14        android:debuggable="true"
15        android:icon="@mipmap/ic_launcher"
15-->src\main\AndroidManifest.xml:7:9-43
16        android:label="@string/app_name"
16-->src\main\AndroidManifest.xml:8:9-41
17        android:roundIcon="@mipmap/ic_launcher_round"
17-->src\main\AndroidManifest.xml:9:9-54
18        android:supportsRtl="true"
18-->src\main\AndroidManifest.xml:10:9-35
19        android:theme="@style/Theme.Pomodoro" >
19-->src\main\AndroidManifest.xml:11:9-46
20        <activity android:name="com.example.pomodoro.MainActivity" >
20-->src\main\AndroidManifest.xml:12:9-18:20
20-->src\main\AndroidManifest.xml:12:19-47
21            <intent-filter>
21-->src\main\AndroidManifest.xml:13:13-17:29
22                <action android:name="android.intent.action.MAIN" />
22-->src\main\AndroidManifest.xml:14:17-69
22-->src\main\AndroidManifest.xml:14:25-66
23
24                <category android:name="android.intent.category.LAUNCHER" />
24-->src\main\AndroidManifest.xml:16:17-77
24-->src\main\AndroidManifest.xml:16:27-74
25            </intent-filter>
26        </activity>
27        <activity android:name="com.example.pomodoro.StatisticalActivity" />
27-->src\main\AndroidManifest.xml:19:9-57
27-->src\main\AndroidManifest.xml:19:19-54
28        <activity android:name="com.example.pomodoro.SetTime.SettimeActivity" />
28-->src\main\AndroidManifest.xml:20:9-70
28-->src\main\AndroidManifest.xml:20:19-58
29        <activity android:name="com.example.pomodoro.TasksFunctions.TasksActivity" />
29-->src\main\AndroidManifest.xml:21:9-75
29-->src\main\AndroidManifest.xml:21:19-63
30        <activity android:name="com.example.pomodoro.TasksFunctions.TasksAdd" />
30-->src\main\AndroidManifest.xml:22:9-70
30-->src\main\AndroidManifest.xml:22:19-58
31    </application>
32
33</manifest>